<?xml version="1.0" encoding="UTF-8"?>
<!-- Generated by org.testng.reporters.JUnitReportReporter -->
<testsuite skipped="0" hostname="IN-MH1LPW101452" name="qapalluacademey.Mavenjava.AppiumTest" tests="2" failures="0" timestamp="09 Oct 2020 06:04:40 GMT" time="0.000" errors="0">
  <testcase name="iosApp" time="0.000" classname="qapalluacademey.Mavenjava.AppiumTest"/>
  <testcase name="Nativeappandroid" time="0.000" classname="qapalluacademey.Mavenjava.AppiumTest"/>
</testsuite> <!-- qapalluacademey.Mavenjava.AppiumTest -->
